<?xml version="1.0" encoding="UTF-8"?>
<!-- Generated by org.testng.reporters.JUnitXMLReporter -->
<testsuite ignored="5" hostname="DESKTOP-PKSDS0O" failures="3" tests="3" name="Default test" time="23.494" errors="0" timestamp="2022-05-29T23:21:20 SAST">
  <testcase classname="tricentisTests.TricentisWebsiteTests" name="GIVEN_TwoItemsSelected_WHEN_SelectedItemsAddedToCompareList_THEN_SelectedItemsWithPricesDisplayOnComparisonTable" time="7.088">
    <failure type="java.lang.AssertionError" message="expected [800.00] but found [1200.00]">
      <![CDATA[java.lang.AssertionError: expected [800.00] but found [1200.00]
at org.testng.Assert.fail(Assert.java:110)
at org.testng.Assert.failNotEquals(Assert.java:1413)
at org.testng.Assert.assertEqualsImpl(Assert.java:149)
at org.testng.Assert.assertEquals(Assert.java:131)
at org.testng.Assert.assertEquals(Assert.java:655)
at org.testng.Assert.assertEquals(Assert.java:665)
at tricentisTests.TricentisWebsiteTests.GIVEN_TwoItemsSelected_WHEN_SelectedItemsAddedToCompareList_THEN_SelectedItemsWithPricesDisplayOnComparisonTable(TricentisWebsiteTests.java:162)
at java.base/jdk.internal.reflect.NativeMethodAccessorImpl.invoke0(Native Method)
at java.base/jdk.internal.reflect.NativeMethodAccessorImpl.invoke(NativeMethodAccessorImpl.java:77)
at java.base/jdk.internal.reflect.DelegatingMethodAccessorImpl.invoke(DelegatingMethodAccessorImpl.java:43)
at java.base/java.lang.reflect.Method.invoke(Method.java:568)
at org.testng.internal.invokers.MethodInvocationHelper.invokeMethod(MethodInvocationHelper.java:135)
at org.testng.internal.invokers.TestInvoker.invokeMethod(TestInvoker.java:673)
at org.testng.internal.invokers.TestInvoker.invokeTestMethod(TestInvoker.java:220)
at org.testng.internal.invokers.MethodRunner.runInSequence(MethodRunner.java:50)
at org.testng.internal.invokers.TestInvoker$MethodInvocationAgent.invoke(TestInvoker.java:945)
at org.testng.internal.invokers.TestInvoker.invokeTestMethods(TestInvoker.java:193)
at org.testng.internal.invokers.TestMethodWorker.invokeTestMethods(TestMethodWorker.java:146)
at org.testng.internal.invokers.TestMethodWorker.run(TestMethodWorker.java:128)
at java.base/java.util.ArrayList.forEach(ArrayList.java:1511)
at org.testng.TestRunner.privateRun(TestRunner.java:808)
at org.testng.TestRunner.run(TestRunner.java:603)
at org.testng.SuiteRunner.runTest(SuiteRunner.java:429)
at org.testng.SuiteRunner.runSequentially(SuiteRunner.java:423)
at org.testng.SuiteRunner.privateRun(SuiteRunner.java:383)
at org.testng.SuiteRunner.run(SuiteRunner.java:326)
at org.testng.SuiteRunnerWorker.runSuite(SuiteRunnerWorker.java:52)
at org.testng.SuiteRunnerWorker.run(SuiteRunnerWorker.java:95)
at org.testng.TestNG.runSuitesSequentially(TestNG.java:1249)
at org.testng.TestNG.runSuitesLocally(TestNG.java:1169)
at org.testng.TestNG.runSuites(TestNG.java:1092)
at org.testng.TestNG.run(TestNG.java:1060)
at org.testng.remote.AbstractRemoteTestNG.run(AbstractRemoteTestNG.java:115)
at org.testng.remote.RemoteTestNG.initAndRun(RemoteTestNG.java:251)
at org.testng.remote.RemoteTestNG.main(RemoteTestNG.java:77)
]]>
    </failure>
  </testcase> <!-- GIVEN_TwoItemsSelected_WHEN_SelectedItemsAddedToCompareList_THEN_SelectedItemsWithPricesDisplayOnComparisonTable -->
  <testcase classname="tricentisTests.TricentisWebsiteTests" name="GIVEN_TwoItemsSelected_WHEN_SelectedItemsAddedToCompareList_THEN_SelectedItemsWithPricesDisplayOnComparisonTable" time="5.718">
    <failure type="java.lang.AssertionError" message="expected [500.00] but found [1350.00]">
      <![CDATA[java.lang.AssertionError: expected [500.00] but found [1350.00]
at org.testng.Assert.fail(Assert.java:110)
at org.testng.Assert.failNotEquals(Assert.java:1413)
at org.testng.Assert.assertEqualsImpl(Assert.java:149)
at org.testng.Assert.assertEquals(Assert.java:131)
at org.testng.Assert.assertEquals(Assert.java:655)
at org.testng.Assert.assertEquals(Assert.java:665)
at tricentisTests.TricentisWebsiteTests.GIVEN_TwoItemsSelected_WHEN_SelectedItemsAddedToCompareList_THEN_SelectedItemsWithPricesDisplayOnComparisonTable(TricentisWebsiteTests.java:162)
at java.base/jdk.internal.reflect.NativeMethodAccessorImpl.invoke0(Native Method)
at java.base/jdk.internal.reflect.NativeMethodAccessorImpl.invoke(NativeMethodAccessorImpl.java:77)
at java.base/jdk.internal.reflect.DelegatingMethodAccessorImpl.invoke(DelegatingMethodAccessorImpl.java:43)
at java.base/java.lang.reflect.Method.invoke(Method.java:568)
at org.testng.internal.invokers.MethodInvocationHelper.invokeMethod(MethodInvocationHelper.java:135)
at org.testng.internal.invokers.TestInvoker.invokeMethod(TestInvoker.java:673)
at org.testng.internal.invokers.TestInvoker.invokeTestMethod(TestInvoker.java:220)
at org.testng.internal.invokers.MethodRunner.runInSequence(MethodRunner.java:50)
at org.testng.internal.invokers.TestInvoker$MethodInvocationAgent.invoke(TestInvoker.java:945)
at org.testng.internal.invokers.TestInvoker.invokeTestMethods(TestInvoker.java:193)
at org.testng.internal.invokers.TestMethodWorker.invokeTestMethods(TestMethodWorker.java:146)
at org.testng.internal.invokers.TestMethodWorker.run(TestMethodWorker.java:128)
at java.base/java.util.ArrayList.forEach(ArrayList.java:1511)
at org.testng.TestRunner.privateRun(TestRunner.java:808)
at org.testng.TestRunner.run(TestRunner.java:603)
at org.testng.SuiteRunner.runTest(SuiteRunner.java:429)
at org.testng.SuiteRunner.runSequentially(SuiteRunner.java:423)
at org.testng.SuiteRunner.privateRun(SuiteRunner.java:383)
at org.testng.SuiteRunner.run(SuiteRunner.java:326)
at org.testng.SuiteRunnerWorker.runSuite(SuiteRunnerWorker.java:52)
at org.testng.SuiteRunnerWorker.run(SuiteRunnerWorker.java:95)
at org.testng.TestNG.runSuitesSequentially(TestNG.java:1249)
at org.testng.TestNG.runSuitesLocally(TestNG.java:1169)
at org.testng.TestNG.runSuites(TestNG.java:1092)
at org.testng.TestNG.run(TestNG.java:1060)
at org.testng.remote.AbstractRemoteTestNG.run(AbstractRemoteTestNG.java:115)
at org.testng.remote.RemoteTestNG.initAndRun(RemoteTestNG.java:251)
at org.testng.remote.RemoteTestNG.main(RemoteTestNG.java:77)
]]>
    </failure>
  </testcase> <!-- GIVEN_TwoItemsSelected_WHEN_SelectedItemsAddedToCompareList_THEN_SelectedItemsWithPricesDisplayOnComparisonTable -->
  <testcase classname="tricentisTests.TricentisWebsiteTests" name="GIVEN_TwoItemsSelected_WHEN_SelectedItemsAddedToCompareList_THEN_SelectedItemsWithPricesDisplayOnComparisonTable" time="5.778">
    <failure type="java.lang.AssertionError" message="expected [100.00] but found [5.00]">
      <![CDATA[java.lang.AssertionError: expected [100.00] but found [5.00]
at org.testng.Assert.fail(Assert.java:110)
at org.testng.Assert.failNotEquals(Assert.java:1413)
at org.testng.Assert.assertEqualsImpl(Assert.java:149)
at org.testng.Assert.assertEquals(Assert.java:131)
at org.testng.Assert.assertEquals(Assert.java:655)
at org.testng.Assert.assertEquals(Assert.java:665)
at tricentisTests.TricentisWebsiteTests.GIVEN_TwoItemsSelected_WHEN_SelectedItemsAddedToCompareList_THEN_SelectedItemsWithPricesDisplayOnComparisonTable(TricentisWebsiteTests.java:162)
at java.base/jdk.internal.reflect.NativeMethodAccessorImpl.invoke0(Native Method)
at java.base/jdk.internal.reflect.NativeMethodAccessorImpl.invoke(NativeMethodAccessorImpl.java:77)
at java.base/jdk.internal.reflect.DelegatingMethodAccessorImpl.invoke(DelegatingMethodAccessorImpl.java:43)
at java.base/java.lang.reflect.Method.invoke(Method.java:568)
at org.testng.internal.invokers.MethodInvocationHelper.invokeMethod(MethodInvocationHelper.java:135)
at org.testng.internal.invokers.TestInvoker.invokeMethod(TestInvoker.java:673)
at org.testng.internal.invokers.TestInvoker.invokeTestMethod(TestInvoker.java:220)
at org.testng.internal.invokers.MethodRunner.runInSequence(MethodRunner.java:50)
at org.testng.internal.invokers.TestInvoker$MethodInvocationAgent.invoke(TestInvoker.java:945)
at org.testng.internal.invokers.TestInvoker.invokeTestMethods(TestInvoker.java:193)
at org.testng.internal.invokers.TestMethodWorker.invokeTestMethods(TestMethodWorker.java:146)
at org.testng.internal.invokers.TestMethodWorker.run(TestMethodWorker.java:128)
at java.base/java.util.ArrayList.forEach(ArrayList.java:1511)
at org.testng.TestRunner.privateRun(TestRunner.java:808)
at org.testng.TestRunner.run(TestRunner.java:603)
at org.testng.SuiteRunner.runTest(SuiteRunner.java:429)
at org.testng.SuiteRunner.runSequentially(SuiteRunner.java:423)
at org.testng.SuiteRunner.privateRun(SuiteRunner.java:383)
at org.testng.SuiteRunner.run(SuiteRunner.java:326)
at org.testng.SuiteRunnerWorker.runSuite(SuiteRunnerWorker.java:52)
at org.testng.SuiteRunnerWorker.run(SuiteRunnerWorker.java:95)
at org.testng.TestNG.runSuitesSequentially(TestNG.java:1249)
at org.testng.TestNG.runSuitesLocally(TestNG.java:1169)
at org.testng.TestNG.runSuites(TestNG.java:1092)
at org.testng.TestNG.run(TestNG.java:1060)
at org.testng.remote.AbstractRemoteTestNG.run(AbstractRemoteTestNG.java:115)
at org.testng.remote.RemoteTestNG.initAndRun(RemoteTestNG.java:251)
at org.testng.remote.RemoteTestNG.main(RemoteTestNG.java:77)
]]>
    </failure>
  </testcase> <!-- GIVEN_TwoItemsSelected_WHEN_SelectedItemsAddedToCompareList_THEN_SelectedItemsWithPricesDisplayOnComparisonTable -->
  <testcase classname="tricentisTests.TricentisWebsiteTests" name="GIVEN_OneItemAddedToCart_WHEN_NavigateToCart_AND_ShippingDetailsUnitedStatesAlaska99501Entered_AND_EstimateShippingButtonClicked_THEN_GroundEstimateZero" time="0.0">
    <ignored/>
  </testcase> <!-- GIVEN_OneItemAddedToCart_WHEN_NavigateToCart_AND_ShippingDetailsUnitedStatesAlaska99501Entered_AND_EstimateShippingButtonClicked_THEN_GroundEstimateZero -->
  <testcase classname="tricentisTests.TricentisWebsiteTests" name="GIVEN_ShopperOnCartPage_AND_OneItemAdded_WHEN_ItemQuantityChangeToTwo_THEN_ItemQuantityDisplaysAsTwo" time="0.0">
    <ignored/>
  </testcase> <!-- GIVEN_ShopperOnCartPage_AND_OneItemAdded_WHEN_ItemQuantityChangeToTwo_THEN_ItemQuantityDisplaysAsTwo -->
  <testcase classname="tricentisTests.TricentisWebsiteTests" name="GIVEN_ShopperOnHomePage_WHEN_TopMenuBarUsed_AND_Electronics_OptionCellPhones_ItemSmartPhoneSelected_AND_ItemAddedToCart_THEN_SmartPhoneDisplaysOnCartPage" time="0.0">
    <ignored/>
  </testcase> <!-- GIVEN_ShopperOnHomePage_WHEN_TopMenuBarUsed_AND_Electronics_OptionCellPhones_ItemSmartPhoneSelected_AND_ItemAddedToCart_THEN_SmartPhoneDisplaysOnCartPage -->
  <testcase classname="tricentisTests.TricentisWebsiteTests" name="GIVEN_ShopperOnCartPage_AND_OneItemAdded_WHEN_RemoveChecked_AND_UpdateShoppingCartClicked_THEN_ItemRemovedFromCart" time="0.0">
    <ignored/>
  </testcase> <!-- GIVEN_ShopperOnCartPage_AND_OneItemAdded_WHEN_RemoveChecked_AND_UpdateShoppingCartClicked_THEN_ItemRemovedFromCart -->
  <testcase classname="tricentisTests.TricentisWebsiteTests" name="GIVEN_ShopperOnHomePage_WHEN_CategoriesNavigationUsed_AND_Computers_OptionDesktops_ItemSimpleComputerSelected_AND_ItemAddedToCart_THEN_SimpleComputerDisplaysOnCartPage" time="0.0">
    <ignored/>
  </testcase> <!-- GIVEN_ShopperOnHomePage_WHEN_CategoriesNavigationUsed_AND_Computers_OptionDesktops_ItemSimpleComputerSelected_AND_ItemAddedToCart_THEN_SimpleComputerDisplaysOnCartPage -->
</testsuite> <!-- Default test -->
