<?xml version="1.0" encoding="UTF-8"?>
<testng-results ignored="5" total="8" passed="0" failed="3" skipped="0">
  <reporter-output>
  </reporter-output>
  <suite started-at="2022-05-29T23:20:57 SAST" name="Default suite" finished-at="2022-05-29T23:21:20 SAST" duration-ms="23494">
    <groups>
    </groups>
    <test started-at="2022-05-29T23:20:57 SAST" name="Default test" finished-at="2022-05-29T23:21:20 SAST" duration-ms="23494">
      <class name="tricentisTests.TricentisWebsiteTests">
        <test-method signature="GIVEN_TwoItemsSelected_WHEN_SelectedItemsAddedToCompareList_THEN_SelectedItemsWithPricesDisplayOnComparisonTable(java.lang.String,java.lang.String,java.lang.String,java.lang.String,java.lang.String)[pri:0, instance:tricentisTests.TricentisWebsiteTests@45394b31]" started-at="2022-05-29T23:20:58 SAST" name="GIVEN_TwoItemsSelected_WHEN_SelectedItemsAddedToCompareList_THEN_SelectedItemsWithPricesDisplayOnComparisonTable" data-provider="Product and Price" finished-at="2022-05-29T23:21:05 SAST" duration-ms="7088" status="FAIL">
          <params>
            <param index="0">
              <value>
                <![CDATA[Build your own cheap computer]]>
              </value>
            </param>
            <param index="1">
              <value>
                <![CDATA[800.00]]>
              </value>
            </param>
            <param index="2">
              <value>
                <![CDATA[Build your own computer]]>
              </value>
            </param>
            <param index="3">
              <value>
                <![CDATA[1200.00]]>
              </value>
            </param>
            <param index="4">
              <value>
                <![CDATA[Computers]]>
              </value>
            </param>
          </params>
          <exception class="java.lang.AssertionError">
            <message>
              <![CDATA[expected [800.00] but found [1200.00]]]>
            </message>
            <full-stacktrace>
              <![CDATA[java.lang.AssertionError: expected [800.00] but found [1200.00]
at org.testng.Assert.fail(Assert.java:110)
at org.testng.Assert.failNotEquals(Assert.java:1413)
at org.testng.Assert.assertEqualsImpl(Assert.java:149)
at org.testng.Assert.assertEquals(Assert.java:131)
at org.testng.Assert.assertEquals(Assert.java:655)
at org.testng.Assert.assertEquals(Assert.java:665)
at tricentisTests.TricentisWebsiteTests.GIVEN_TwoItemsSelected_WHEN_SelectedItemsAddedToCompareList_THEN_SelectedItemsWithPricesDisplayOnComparisonTable(TricentisWebsiteTests.java:162)
at java.base/jdk.internal.reflect.NativeMethodAccessorImpl.invoke0(Native Method)
at java.base/jdk.internal.reflect.NativeMethodAccessorImpl.invoke(NativeMethodAccessorImpl.java:77)
at java.base/jdk.internal.reflect.DelegatingMethodAccessorImpl.invoke(DelegatingMethodAccessorImpl.java:43)
at java.base/java.lang.reflect.Method.invoke(Method.java:568)
at org.testng.internal.invokers.MethodInvocationHelper.invokeMethod(MethodInvocationHelper.java:135)
at org.testng.internal.invokers.TestInvoker.invokeMethod(TestInvoker.java:673)
at org.testng.internal.invokers.TestInvoker.invokeTestMethod(TestInvoker.java:220)
at org.testng.internal.invokers.MethodRunner.runInSequence(MethodRunner.java:50)
at org.testng.internal.invokers.TestInvoker$MethodInvocationAgent.invoke(TestInvoker.java:945)
at org.testng.internal.invokers.TestInvoker.invokeTestMethods(TestInvoker.java:193)
at org.testng.internal.invokers.TestMethodWorker.invokeTestMethods(TestMethodWorker.java:146)
at org.testng.internal.invokers.TestMethodWorker.run(TestMethodWorker.java:128)
at java.base/java.util.ArrayList.forEach(ArrayList.java:1511)
at org.testng.TestRunner.privateRun(TestRunner.java:808)
at org.testng.TestRunner.run(TestRunner.java:603)
at org.testng.SuiteRunner.runTest(SuiteRunner.java:429)
at org.testng.SuiteRunner.runSequentially(SuiteRunner.java:423)
at org.testng.SuiteRunner.privateRun(SuiteRunner.java:383)
at org.testng.SuiteRunner.run(SuiteRunner.java:326)
at org.testng.SuiteRunnerWorker.runSuite(SuiteRunnerWorker.java:52)
at org.testng.SuiteRunnerWorker.run(SuiteRunnerWorker.java:95)
at org.testng.TestNG.runSuitesSequentially(TestNG.java:1249)
at org.testng.TestNG.runSuitesLocally(TestNG.java:1169)
at org.testng.TestNG.runSuites(TestNG.java:1092)
at org.testng.TestNG.run(TestNG.java:1060)
at org.testng.remote.AbstractRemoteTestNG.run(AbstractRemoteTestNG.java:115)
at org.testng.remote.RemoteTestNG.initAndRun(RemoteTestNG.java:251)
at org.testng.remote.RemoteTestNG.main(RemoteTestNG.java:77)
]]>
            </full-stacktrace>
          </exception> <!-- java.lang.AssertionError -->
          <reporter-output>
          </reporter-output>
        </test-method> <!-- GIVEN_TwoItemsSelected_WHEN_SelectedItemsAddedToCompareList_THEN_SelectedItemsWithPricesDisplayOnComparisonTable -->
        <test-method is-config="true" signature="testCleanup()[pri:0, instance:tricentisTests.TricentisWebsiteTests@45394b31]" started-at="2022-05-29T23:21:05 SAST" name="testCleanup" finished-at="2022-05-29T23:21:06 SAST" duration-ms="1169" status="PASS">
          <reporter-output>
          </reporter-output>
        </test-method> <!-- testCleanup -->
        <test-method signature="GIVEN_TwoItemsSelected_WHEN_SelectedItemsAddedToCompareList_THEN_SelectedItemsWithPricesDisplayOnComparisonTable(java.lang.String,java.lang.String,java.lang.String,java.lang.String,java.lang.String)[pri:0, instance:tricentisTests.TricentisWebsiteTests@45394b31]" started-at="2022-05-29T23:21:06 SAST" name="GIVEN_TwoItemsSelected_WHEN_SelectedItemsAddedToCompareList_THEN_SelectedItemsWithPricesDisplayOnComparisonTable" data-provider="Product and Price" finished-at="2022-05-29T23:21:12 SAST" duration-ms="5718" status="FAIL">
          <params>
            <param index="0">
              <value>
                <![CDATA[Desktop PC with CDRW]]>
              </value>
            </param>
            <param index="1">
              <value>
                <![CDATA[500.00]]>
              </value>
            </param>
            <param index="2">
              <value>
                <![CDATA[Elite Desktop PC]]>
              </value>
            </param>
            <param index="3">
              <value>
                <![CDATA[1350.00]]>
              </value>
            </param>
            <param index="4">
              <value>
                <![CDATA[Computers]]>
              </value>
            </param>
          </params>
          <exception class="java.lang.AssertionError">
            <message>
              <![CDATA[expected [500.00] but found [1350.00]]]>
            </message>
            <full-stacktrace>
              <![CDATA[java.lang.AssertionError: expected [500.00] but found [1350.00]
at org.testng.Assert.fail(Assert.java:110)
at org.testng.Assert.failNotEquals(Assert.java:1413)
at org.testng.Assert.assertEqualsImpl(Assert.java:149)
at org.testng.Assert.assertEquals(Assert.java:131)
at org.testng.Assert.assertEquals(Assert.java:655)
at org.testng.Assert.assertEquals(Assert.java:665)
at tricentisTests.TricentisWebsiteTests.GIVEN_TwoItemsSelected_WHEN_SelectedItemsAddedToCompareList_THEN_SelectedItemsWithPricesDisplayOnComparisonTable(TricentisWebsiteTests.java:162)
at java.base/jdk.internal.reflect.NativeMethodAccessorImpl.invoke0(Native Method)
at java.base/jdk.internal.reflect.NativeMethodAccessorImpl.invoke(NativeMethodAccessorImpl.java:77)
at java.base/jdk.internal.reflect.DelegatingMethodAccessorImpl.invoke(DelegatingMethodAccessorImpl.java:43)
at java.base/java.lang.reflect.Method.invoke(Method.java:568)
at org.testng.internal.invokers.MethodInvocationHelper.invokeMethod(MethodInvocationHelper.java:135)
at org.testng.internal.invokers.TestInvoker.invokeMethod(TestInvoker.java:673)
at org.testng.internal.invokers.TestInvoker.invokeTestMethod(TestInvoker.java:220)
at org.testng.internal.invokers.MethodRunner.runInSequence(MethodRunner.java:50)
at org.testng.internal.invokers.TestInvoker$MethodInvocationAgent.invoke(TestInvoker.java:945)
at org.testng.internal.invokers.TestInvoker.invokeTestMethods(TestInvoker.java:193)
at org.testng.internal.invokers.TestMethodWorker.invokeTestMethods(TestMethodWorker.java:146)
at org.testng.internal.invokers.TestMethodWorker.run(TestMethodWorker.java:128)
at java.base/java.util.ArrayList.forEach(ArrayList.java:1511)
at org.testng.TestRunner.privateRun(TestRunner.java:808)
at org.testng.TestRunner.run(TestRunner.java:603)
at org.testng.SuiteRunner.runTest(SuiteRunner.java:429)
at org.testng.SuiteRunner.runSequentially(SuiteRunner.java:423)
at org.testng.SuiteRunner.privateRun(SuiteRunner.java:383)
at org.testng.SuiteRunner.run(SuiteRunner.java:326)
at org.testng.SuiteRunnerWorker.runSuite(SuiteRunnerWorker.java:52)
at org.testng.SuiteRunnerWorker.run(SuiteRunnerWorker.java:95)
at org.testng.TestNG.runSuitesSequentially(TestNG.java:1249)
at org.testng.TestNG.runSuitesLocally(TestNG.java:1169)
at org.testng.TestNG.runSuites(TestNG.java:1092)
at org.testng.TestNG.run(TestNG.java:1060)
at org.testng.remote.AbstractRemoteTestNG.run(AbstractRemoteTestNG.java:115)
at org.testng.remote.RemoteTestNG.initAndRun(RemoteTestNG.java:251)
at org.testng.remote.RemoteTestNG.main(RemoteTestNG.java:77)
]]>
            </full-stacktrace>
          </exception> <!-- java.lang.AssertionError -->
          <reporter-output>
          </reporter-output>
        </test-method> <!-- GIVEN_TwoItemsSelected_WHEN_SelectedItemsAddedToCompareList_THEN_SelectedItemsWithPricesDisplayOnComparisonTable -->
        <test-method is-config="true" signature="testCleanup()[pri:0, instance:tricentisTests.TricentisWebsiteTests@45394b31]" started-at="2022-05-29T23:21:12 SAST" name="testCleanup" finished-at="2022-05-29T23:21:13 SAST" duration-ms="1120" status="PASS">
          <reporter-output>
          </reporter-output>
        </test-method> <!-- testCleanup -->
        <test-method signature="GIVEN_TwoItemsSelected_WHEN_SelectedItemsAddedToCompareList_THEN_SelectedItemsWithPricesDisplayOnComparisonTable(java.lang.String,java.lang.String,java.lang.String,java.lang.String,java.lang.String)[pri:0, instance:tricentisTests.TricentisWebsiteTests@45394b31]" started-at="2022-05-29T23:21:13 SAST" name="GIVEN_TwoItemsSelected_WHEN_SelectedItemsAddedToCompareList_THEN_SelectedItemsWithPricesDisplayOnComparisonTable" data-provider="Product and Price" finished-at="2022-05-29T23:21:19 SAST" duration-ms="5778" status="FAIL">
          <params>
            <param index="0">
              <value>
                <![CDATA[Smartphone]]>
              </value>
            </param>
            <param index="1">
              <value>
                <![CDATA[100.00]]>
              </value>
            </param>
            <param index="2">
              <value>
                <![CDATA[Used phone]]>
              </value>
            </param>
            <param index="3">
              <value>
                <![CDATA[5.00]]>
              </value>
            </param>
            <param index="4">
              <value>
                <![CDATA[Electronics]]>
              </value>
            </param>
          </params>
          <exception class="java.lang.AssertionError">
            <message>
              <![CDATA[expected [100.00] but found [5.00]]]>
            </message>
            <full-stacktrace>
              <![CDATA[java.lang.AssertionError: expected [100.00] but found [5.00]
at org.testng.Assert.fail(Assert.java:110)
at org.testng.Assert.failNotEquals(Assert.java:1413)
at org.testng.Assert.assertEqualsImpl(Assert.java:149)
at org.testng.Assert.assertEquals(Assert.java:131)
at org.testng.Assert.assertEquals(Assert.java:655)
at org.testng.Assert.assertEquals(Assert.java:665)
at tricentisTests.TricentisWebsiteTests.GIVEN_TwoItemsSelected_WHEN_SelectedItemsAddedToCompareList_THEN_SelectedItemsWithPricesDisplayOnComparisonTable(TricentisWebsiteTests.java:162)
at java.base/jdk.internal.reflect.NativeMethodAccessorImpl.invoke0(Native Method)
at java.base/jdk.internal.reflect.NativeMethodAccessorImpl.invoke(NativeMethodAccessorImpl.java:77)
at java.base/jdk.internal.reflect.DelegatingMethodAccessorImpl.invoke(DelegatingMethodAccessorImpl.java:43)
at java.base/java.lang.reflect.Method.invoke(Method.java:568)
at org.testng.internal.invokers.MethodInvocationHelper.invokeMethod(MethodInvocationHelper.java:135)
at org.testng.internal.invokers.TestInvoker.invokeMethod(TestInvoker.java:673)
at org.testng.internal.invokers.TestInvoker.invokeTestMethod(TestInvoker.java:220)
at org.testng.internal.invokers.MethodRunner.runInSequence(MethodRunner.java:50)
at org.testng.internal.invokers.TestInvoker$MethodInvocationAgent.invoke(TestInvoker.java:945)
at org.testng.internal.invokers.TestInvoker.invokeTestMethods(TestInvoker.java:193)
at org.testng.internal.invokers.TestMethodWorker.invokeTestMethods(TestMethodWorker.java:146)
at org.testng.internal.invokers.TestMethodWorker.run(TestMethodWorker.java:128)
at java.base/java.util.ArrayList.forEach(ArrayList.java:1511)
at org.testng.TestRunner.privateRun(TestRunner.java:808)
at org.testng.TestRunner.run(TestRunner.java:603)
at org.testng.SuiteRunner.runTest(SuiteRunner.java:429)
at org.testng.SuiteRunner.runSequentially(SuiteRunner.java:423)
at org.testng.SuiteRunner.privateRun(SuiteRunner.java:383)
at org.testng.SuiteRunner.run(SuiteRunner.java:326)
at org.testng.SuiteRunnerWorker.runSuite(SuiteRunnerWorker.java:52)
at org.testng.SuiteRunnerWorker.run(SuiteRunnerWorker.java:95)
at org.testng.TestNG.runSuitesSequentially(TestNG.java:1249)
at org.testng.TestNG.runSuitesLocally(TestNG.java:1169)
at org.testng.TestNG.runSuites(TestNG.java:1092)
at org.testng.TestNG.run(TestNG.java:1060)
at org.testng.remote.AbstractRemoteTestNG.run(AbstractRemoteTestNG.java:115)
at org.testng.remote.RemoteTestNG.initAndRun(RemoteTestNG.java:251)
at org.testng.remote.RemoteTestNG.main(RemoteTestNG.java:77)
]]>
            </full-stacktrace>
          </exception> <!-- java.lang.AssertionError -->
          <reporter-output>
          </reporter-output>
        </test-method> <!-- GIVEN_TwoItemsSelected_WHEN_SelectedItemsAddedToCompareList_THEN_SelectedItemsWithPricesDisplayOnComparisonTable -->
        <test-method is-config="true" signature="testCleanup()[pri:0, instance:tricentisTests.TricentisWebsiteTests@45394b31]" started-at="2022-05-29T23:21:19 SAST" name="testCleanup" finished-at="2022-05-29T23:21:20 SAST" duration-ms="1133" status="PASS">
          <reporter-output>
          </reporter-output>
        </test-method> <!-- testCleanup -->
        <test-method is-config="true" signature="clearTest()[pri:0, instance:tricentisTests.TricentisWebsiteTests@45394b31]" started-at="2022-05-29T23:21:20 SAST" name="clearTest" finished-at="2022-05-29T23:21:20 SAST" duration-ms="632" status="PASS">
          <reporter-output>
          </reporter-output>
        </test-method> <!-- clearTest -->
      </class> <!-- tricentisTests.TricentisWebsiteTests -->
    </test> <!-- Default test -->
  </suite> <!-- Default suite -->
</testng-results>
